Determining if the pthread_create exist failed with the following output:
Change Dir: /home/ubuntu/catkin_ws/build_isolated/rviz_imu_plugin/CMakeFiles/CMakeTmp

Run Build Command:"/usr/bin/make" "cmTC_b64e3/fast"
/usr/bin/make -f CMakeFiles/cmTC_b64e3.dir/build.make CMakeFiles/cmTC_b64e3.dir/build
make[1]: Entering directory '/home/ubuntu/catkin_ws/build_isolated/rviz_imu_plugin/CMakeFiles/CMakeTmp'
Building C object CMakeFiles/cmTC_b64e3.dir/CheckSymbolExists.c.o
/usr/bin/cc     -o CMakeFiles/cmTC_b64e3.dir/CheckSymbolExists.c.o   -c /home/ubuntu/catkin_ws/build_isolated/rviz_imu_plugin/CMakeFiles/CMakeTmp/CheckSymbolExists.c
Linking C executable cmTC_b64e3
/usr/bin/cmake -E cmake_link_script CMakeFiles/cmTC_b64e3.dir/link.txt --verbose=1
/usr/bin/cc       CMakeFiles/cmTC_b64e3.dir/CheckSymbolExists.c.o  -o cmTC_b64e3 -rdynamic 
CMakeFiles/cmTC_b64e3.dir/CheckSymbolExists.c.o: In function `main':
CheckSymbolExists.c:(.text+0x14): undefined reference to `pthread_create'
CheckSymbolExists.c:(.text+0x18): undefined reference to `pthread_create'
collect2: error: ld returned 1 exit status
CMakeFiles/cmTC_b64e3.dir/build.make:97: recipe for target 'cmTC_b64e3' failed
make[1]: *** [cmTC_b64e3] Error 1
make[1]: Leaving directory '/home/ubuntu/catkin_ws/build_isolated/rviz_imu_plugin/CMakeFiles/CMakeTmp'
Makefile:126: recipe for target 'cmTC_b64e3/fast' failed
make: *** [cmTC_b64e3/fast] Error 2

File /home/ubuntu/catkin_ws/build_isolated/rviz_imu_plugin/CMakeFiles/CMakeTmp/CheckSymbolExists.c:
/* */
#include <pthread.h>

int main(int argc, char** argv)
{
  (void)argv;
#ifndef pthread_create
  return ((int*)(&pthread_create))[argc];
#else
  (void)argc;
  return 0;
#endif
}

Determining if the function pthread_create exists in the pthreads failed with the following output:
Change Dir: /home/ubuntu/catkin_ws/build_isolated/rviz_imu_plugin/CMakeFiles/CMakeTmp

Run Build Command:"/usr/bin/make" "cmTC_be1b6/fast"
/usr/bin/make -f CMakeFiles/cmTC_be1b6.dir/build.make CMakeFiles/cmTC_be1b6.dir/build
make[1]: Entering directory '/home/ubuntu/catkin_ws/build_isolated/rviz_imu_plugin/CMakeFiles/CMakeTmp'
Building C object CMakeFiles/cmTC_be1b6.dir/CheckFunctionExists.c.o
/usr/bin/cc    -DCHECK_FUNCTION_EXISTS=pthread_create   -o CMakeFiles/cmTC_be1b6.dir/CheckFunctionExists.c.o   -c /usr/share/cmake-3.5/Modules/CheckFunctionExists.c
Linking C executable cmTC_be1b6
/usr/bin/cmake -E cmake_link_script CMakeFiles/cmTC_be1b6.dir/link.txt --verbose=1
/usr/bin/cc   -DCHECK_FUNCTION_EXISTS=pthread_create    CMakeFiles/cmTC_be1b6.dir/CheckFunctionExists.c.o  -o cmTC_be1b6 -rdynamic -lpthreads 
/usr/bin/ld: cannot find -lpthreads
collect2: error: ld returned 1 exit status
CMakeFiles/cmTC_be1b6.dir/build.make:97: recipe for target 'cmTC_be1b6' failed
make[1]: *** [cmTC_be1b6] Error 1
make[1]: Leaving directory '/home/ubuntu/catkin_ws/build_isolated/rviz_imu_plugin/CMakeFiles/CMakeTmp'
Makefile:126: recipe for target 'cmTC_be1b6/fast' failed
make: *** [cmTC_be1b6/fast] Error 2


